0.68,8000
1.34,8000
2.0,8000
2.66,7952
3.32,7952
3.98,7952
4.64,7952
5.3,7952
5.96,7952
6.62,7924
7.28,7924
7.94,7924
8.6,7924
9.26,7924
9.92,7847
10.59,7847
11.25,7542
11.91,7542
12.57,7542
13.23,7542
13.9,7542
14.56,7542
15.22,7542
15.88,7542
16.55,7542
17.21,7542
17.87,7542
18.53,7542
19.19,7542
19.85,7542
20.52,7542
21.18,7542
21.84,7542
22.5,7542
23.16,7542
23.83,7542
24.49,7542
25.15,7542
25.81,7542
26.47,7542
27.14,7542
27.83,7542
28.5,7542
29.21,7542
29.87,7542
30.53,7542
31.19,7542
31.85,7542
32.52,7542
33.18,7542
33.85,7542
34.51,7542
35.19,7542
35.85,7542
36.51,7542
37.17,7542
37.84,7542
38.5,7542
39.16,7542
39.83,7542
40.49,7542
41.15,7542
41.81,7542
42.48,7542
43.14,7542
43.8,7542
44.46,7542
45.12,7542
45.78,7542
46.45,7542
47.11,7542
47.78,7542
48.44,7542
49.1,7542
49.77,7542
50.43,7542
51.09,7542
51.75,7542
52.42,7542
53.08,7542
53.74,7542
54.41,7542
55.07,7542
55.73,7542
56.39,7542
57.06,7542
57.72,7542
58.38,7542
59.04,7542
59.7,7542
60.37,7542
61.03,7542
61.69,7542
62.35,7542
63.01,7542
63.68,7542
64.34,7542
65.0,7542
65.66,7542
66.32,7542
