0.7,7989
1.38,7989
2.07,7989
2.74,7924
3.42,7924
4.11,7924
4.8,7728
5.48,7657
6.16,7657
6.85,7657
7.52,7657
8.2,7657
8.88,7657
9.56,7657
10.24,7657
10.92,7657
11.6,7657
12.27,7657
12.93,7657
13.6,7657
14.26,7657
14.93,7657
15.59,7657
16.26,7657
16.93,7657
17.61,7657
18.29,7657
19.05,7657
19.74,7657
20.48,7657
21.16,7657
21.89,7657
22.61,7657
23.33,7657
24.0,7657
24.7,7657
25.44,7657
26.12,7657
26.8,7657
27.48,7657
28.2,7657
28.9,7657
29.58,7657
30.26,7657
30.96,7657
31.69,7657
32.38,7657
33.06,7657
33.78,7657
34.45,7657
35.13,7657
35.8,7657
36.49,7657
37.18,7657
37.86,7657
38.54,7657
39.24,7657
39.94,7657
40.61,7657
41.29,7657
41.97,7657
42.66,7657
43.35,7657
44.02,7657
44.69,7657
45.37,7657
46.05,7657
46.73,7657
47.4,7657
48.12,7657
48.79,7657
49.49,7657
50.17,7657
50.86,7657
51.55,7657
52.23,7657
52.92,7657
53.61,7657
54.29,7657
55.0,7657
55.71,7657
56.39,7657
57.07,7657
57.74,7657
58.46,7657
59.22,7657
60.0,7542
60.69,7542
61.41,7542
62.08,7542
62.74,7542
63.5,7542
64.28,7542
65.03,7542
65.83,7542
66.51,7542
67.19,7542
68.05,7542
68.85,7542
69.6,7542
