0.69,7921
1.36,7921
2.1,7921
2.78,7799
3.46,7799
4.16,7799
4.89,7734
5.58,7734
6.26,7734
6.94,7734
7.62,7734
8.3,7734
8.98,7734
9.65,7734
10.33,7734
11.01,7734
11.71,7734
12.41,7734
13.08,7734
13.75,7734
14.44,7734
15.12,7734
15.79,7734
16.47,7734
17.15,7734
17.83,7734
18.51,7734
19.17,7734
19.82,7734
20.49,7734
21.15,7734
21.81,7734
22.47,7734
23.13,7734
23.79,7734
24.45,7734
25.11,7734
25.76,7734
26.43,7734
27.09,7542
27.74,7542
28.41,7542
29.07,7542
29.73,7542
30.39,7542
31.05,7542
31.71,7542
32.37,7542
33.04,7542
33.69,7542
34.36,7542
35.02,7542
35.68,7542
36.34,7542
37.0,7542
37.66,7542
38.32,7542
38.99,7542
39.65,7542
40.3,7542
40.96,7542
41.63,7542
42.29,7542
42.95,7542
43.61,7542
44.26,7542
44.93,7542
45.59,7542
46.25,7542
46.91,7542
47.57,7542
48.23,7542
48.89,7542
49.55,7542
50.24,7542
50.9,7542
51.56,7542
52.22,7542
52.87,7542
53.54,7542
54.2,7542
54.85,7542
55.55,7542
56.21,7542
56.88,7542
57.53,7542
58.2,7542
58.86,7542
59.52,7542
60.18,7542
60.84,7542
61.5,7542
62.16,7542
62.82,7542
63.48,7542
64.14,7542
64.8,7542
65.46,7542
66.12,7542
66.78,7542
