0.68,8209
1.36,8185
2.03,8005
2.7,8005
3.36,8005
4.03,7828
4.7,7828
5.38,7828
6.05,7828
6.73,7828
7.4,7734
8.07,7734
8.74,7734
9.41,7734
10.08,7734
10.75,7734
11.42,7734
12.09,7725
12.76,7725
13.43,7725
14.1,7725
14.77,7725
15.44,7725
16.11,7725
16.79,7725
17.46,7725
18.13,7725
18.81,7725
19.48,7725
20.15,7725
20.82,7725
21.49,7725
22.16,7725
22.83,7682
23.5,7682
24.17,7682
24.86,7682
25.56,7682
26.24,7682
26.91,7682
27.59,7682
28.27,7682
28.95,7682
29.63,7682
30.32,7682
31.0,7657
31.68,7657
32.36,7657
33.03,7657
33.72,7657
34.47,7657
35.22,7657
35.91,7657
36.61,7657
37.34,7657
38.04,7657
38.76,7657
39.53,7657
40.26,7657
40.95,7657
41.62,7657
42.29,7657
42.95,7657
43.64,7657
44.34,7657
45.02,7657
45.7,7657
46.38,7657
47.06,7657
47.74,7657
48.46,7657
49.14,7657
49.83,7657
50.5,7657
51.26,7657
52.01,7657
52.86,7657
53.6,7657
54.28,7657
55.2,7657
55.91,7657
56.65,7657
57.36,7657
58.11,7657
58.79,7657
59.47,7657
60.16,7657
60.93,7657
61.62,7657
62.3,7657
63.01,7657
63.71,7657
64.39,7657
65.06,7657
65.83,7657
66.54,7657
67.27,7657
67.98,7657
68.67,7657
69.35,7657
