0.68,7901
1.34,7844
2.0,7732
2.66,7732
3.33,7732
3.99,7732
4.65,7732
5.31,7732
5.97,7732
6.63,7732
7.29,7732
7.96,7732
8.62,7732
9.28,7732
9.94,7732
10.6,7700
11.27,7700
11.93,7700
12.59,7700
13.25,7700
13.91,7700
14.57,7700
15.23,7596
15.89,7596
16.55,7596
17.21,7596
17.87,7596
18.53,7596
19.19,7596
19.85,7596
20.52,7596
21.18,7596
21.84,7596
22.5,7596
23.16,7596
23.82,7596
24.48,7596
25.14,7596
25.82,7596
26.48,7596
27.14,7542
27.8,7542
28.47,7542
29.13,7542
29.79,7542
30.45,7542
31.11,7542
31.77,7542
32.43,7542
33.09,7542
33.75,7542
34.41,7542
35.07,7542
35.73,7542
36.39,7542
37.05,7542
37.72,7542
38.38,7542
39.04,7542
39.7,7542
40.36,7542
41.03,7542
41.69,7542
42.36,7542
43.02,7542
43.69,7542
44.35,7542
45.01,7542
45.67,7542
46.33,7542
46.99,7542
47.65,7542
48.31,7542
48.97,7542
49.64,7542
50.3,7542
50.96,7542
51.62,7542
52.29,7542
52.95,7542
53.62,7542
54.28,7542
54.94,7542
55.6,7542
56.26,7542
56.92,7542
57.59,7542
58.25,7542
58.91,7542
59.57,7542
60.23,7542
60.89,7542
61.55,7542
62.21,7542
62.88,7542
63.54,7542
64.2,7542
64.86,7542
65.52,7542
66.19,7542
