0.69,7985
1.38,7985
2.06,7985
2.73,7985
3.4,7844
4.07,7844
4.73,7711
5.39,7711
6.05,7711
6.71,7711
7.37,7711
8.04,7711
8.7,7711
9.36,7711
10.02,7711
10.68,7711
11.34,7711
12.0,7711
12.66,7711
13.32,7711
13.98,7711
14.64,7711
15.3,7711
15.96,7711
16.63,7711
17.3,7711
17.96,7711
18.62,7711
19.29,7711
19.96,7711
20.62,7542
21.29,7542
21.95,7542
22.61,7542
23.27,7542
23.93,7542
24.58,7542
25.24,7542
25.9,7542
26.56,7542
27.22,7542
27.89,7542
28.55,7542
29.21,7542
29.86,7542
30.52,7542
31.18,7542
31.87,7542
32.55,7542
33.23,7542
33.9,7542
34.57,7542
35.24,7542
35.91,7542
36.57,7542
37.24,7542
37.93,7542
38.59,7542
39.27,7542
39.95,7542
40.62,7542
41.3,7542
41.99,7542
42.72,7542
43.51,7542
44.29,7542
45.04,7542
45.79,7542
46.49,7542
47.34,7542
48.18,7542
48.88,7542
49.56,7542
50.22,7542
51.01,7542
51.71,7542
52.37,7542
53.03,7542
53.69,7542
54.37,7542
55.02,7542
55.68,7542
56.34,7542
57.01,7542
57.67,7542
58.33,7542
58.98,7542
59.64,7542
60.3,7542
60.96,7542
61.62,7542
62.28,7542
62.94,7542
63.6,7542
64.26,7542
64.92,7542
65.57,7542
66.23,7542
66.89,7542
67.55,7542
