0.75,7974
1.45,7974
2.13,7800
2.79,7800
3.51,7800
4.18,7800
4.84,7800
5.49,7711
6.14,7711
6.8,7711
7.45,7711
8.11,7711
8.76,7711
9.41,7711
10.07,7711
10.72,7711
11.37,7711
12.02,7711
12.68,7711
13.33,7711
13.98,7711
14.63,7711
15.29,7711
15.94,7711
16.6,7711
17.26,7711
17.91,7711
18.56,7711
19.22,7699
19.87,7699
20.53,7699
21.18,7699
21.83,7699
22.49,7699
23.14,7699
23.79,7699
24.45,7699
25.1,7699
25.75,7699
26.41,7699
27.06,7699
27.72,7699
28.37,7699
29.02,7657
29.68,7657
30.34,7657
31.0,7657
31.65,7657
32.31,7657
32.96,7657
33.61,7657
34.26,7657
34.91,7657
35.56,7657
36.22,7657
36.87,7657
37.52,7657
38.18,7657
38.83,7657
39.48,7657
40.14,7657
40.79,7657
41.44,7657
42.09,7657
42.74,7657
43.4,7657
44.05,7657
44.7,7657
45.35,7657
46.01,7657
46.66,7657
47.31,7657
47.96,7657
48.62,7657
49.27,7657
49.92,7657
50.57,7657
51.22,7657
51.88,7657
52.53,7657
53.18,7657
53.83,7657
54.48,7657
55.13,7657
55.79,7657
56.44,7657
57.09,7657
57.74,7657
58.39,7657
59.04,7657
59.69,7657
60.34,7657
61.0,7657
61.65,7657
62.3,7657
62.95,7657
63.6,7657
64.25,7657
64.9,7657
65.56,7657
