0.55,913297
1.09,913297
1.62,913297
2.15,913297
2.68,913297
3.21,906363
3.74,906363
4.27,906363
4.81,906363
5.34,906363
5.88,906363
6.41,906363
6.95,906363
7.48,906363
8.01,906363
8.54,906363
9.08,906363
9.61,906363
10.15,906363
10.68,906363
11.21,906363
11.74,906363
12.27,906363
12.8,906363
13.33,906363
13.87,906363
14.4,906363
14.93,906363
15.47,906363
16.0,906363
16.53,906363
17.06,906363
17.59,906363
18.12,906363
18.65,906363
19.18,906363
19.71,906363
20.25,906363
20.78,906363
21.32,906363
21.85,906363
22.38,906363
22.92,899479
23.46,899479
23.99,899479
24.53,899479
25.06,899479
25.59,899479
26.13,899479
26.66,899479
27.19,899479
27.72,899479
28.26,899479
28.79,899479
29.32,899479
29.85,899479
30.38,899479
30.91,899479
31.44,899479
31.97,899479
32.5,899479
33.03,899479
33.57,899479
34.1,899479
34.63,899479
35.17,899479
35.7,899479
36.23,899479
36.76,899479
37.29,899479
37.82,899479
38.35,899479
38.88,899479
39.42,899479
39.95,899479
40.48,899479
41.02,899479
41.55,899479
42.08,899479
42.61,899479
43.14,899479
43.68,898594
44.22,898594
44.75,898594
45.28,898594
45.81,898594
46.35,898594
46.88,898594
47.42,898594
47.95,898594
48.48,898594
49.01,898594
49.54,898594
50.07,898594
50.61,898594
51.14,898594
51.67,898594
52.2,898594
52.73,898594
53.27,898594
