0.55,928851
1.1,928851
1.64,910914
2.18,910914
2.72,910914
3.26,910914
3.81,910914
4.35,910914
4.89,910914
5.43,910914
5.98,910914
6.52,910914
7.06,910914
7.6,910914
8.14,910914
8.69,895970
9.23,895970
9.77,895970
10.31,895970
10.85,895970
11.39,895970
11.94,895970
12.48,895970
13.02,895970
13.56,895970
14.1,895970
14.64,895970
15.19,895970
15.73,895970
16.27,895970
16.81,895970
17.36,895970
17.9,895970
18.44,895970
18.98,895970
19.52,895970
20.06,895970
20.6,895970
21.15,895970
21.68,895970
22.22,895970
22.76,895970
23.3,895970
23.85,895970
24.38,895970
24.93,895970
25.47,895970
26.01,895970
26.55,895970
27.1,895970
27.64,895970
28.18,895970
28.72,895970
29.26,895970
29.81,895970
30.35,895970
30.89,895970
31.43,895970
31.98,895970
32.52,895970
33.06,895970
33.59,895970
34.14,895970
34.68,895970
35.22,895970
35.77,895970
36.31,895970
36.85,895970
37.39,895970
37.93,895970
38.47,895970
39.01,895970
39.57,895970
40.13,895970
40.68,895970
41.21,895970
41.76,895970
42.3,895970
42.84,895970
43.38,895970
43.92,895970
44.46,895970
45.0,895970
45.54,895970
46.08,895970
46.62,895970
47.17,895970
47.71,895970
48.25,895970
48.79,895970
49.33,895970
49.87,895970
50.41,895970
50.95,895970
51.49,895970
52.03,895970
52.57,895970
53.12,895970
53.66,895970
54.2,895970
