0.56,904782
1.12,904782
1.68,904782
2.25,904782
2.79,904782
3.34,904782
3.9,904782
4.44,904782
4.99,904782
5.54,904782
6.09,904782
6.64,904782
7.19,904782
7.74,904782
8.29,904782
8.83,904782
9.39,904782
9.94,904782
10.49,904782
11.04,904782
11.76,902663
12.34,902663
12.9,902663
13.48,902663
14.04,902663
14.64,902663
15.19,902663
15.73,902663
16.27,902663
16.81,902663
17.36,902663
17.9,902663
18.44,902663
18.98,902663
19.52,902663
20.05,902663
20.59,902663
21.12,902663
21.65,902663
22.18,902663
22.71,902663
23.24,902663
23.76,902663
24.28,902663
24.8,902663
25.33,902663
25.86,902663
26.38,902663
26.92,902663
27.46,902663
27.98,899479
28.51,899479
29.03,899479
29.56,899479
30.09,899479
30.61,899479
31.14,899479
31.67,899479
32.19,899479
32.71,899479
33.28,899479
33.86,899479
34.42,899479
35.02,899479
35.56,899479
36.09,899479
36.62,899479
37.16,899479
37.69,899479
38.22,899479
38.75,899479
39.28,899479
39.82,899479
40.36,899479
40.89,899479
41.43,899479
41.96,899479
42.5,899479
43.03,899479
43.57,899479
44.11,899479
44.64,899479
45.18,899479
45.73,899479
46.47,899479
47.29,899479
48.06,899479
48.62,899479
49.16,899479
49.74,899479
50.31,899479
50.86,899479
51.41,899479
51.96,899479
52.53,899479
53.09,899479
53.65,899479
54.2,899479
54.78,899479
55.33,899479
