0.56,930377
1.11,930377
1.65,930377
2.19,930377
2.72,923776
3.25,923776
3.77,923776
4.3,923776
4.83,923776
5.36,923776
5.88,902951
6.44,902951
6.96,902951
7.48,902951
8.0,902951
8.52,897189
9.05,897189
9.58,897189
10.1,897189
10.63,897189
11.17,897189
11.69,897189
12.21,897189
12.73,897189
13.26,897189
13.79,897189
14.32,897189
14.85,897189
15.37,897189
15.92,897189
16.46,897189
16.98,897189
17.51,897189
18.05,897189
18.57,897189
19.1,897189
19.62,897189
20.14,897189
20.66,897189
21.18,897189
21.69,897189
22.21,897189
22.73,897189
23.26,897189
23.77,897189
24.29,897189
24.81,897189
25.33,897189
25.85,897189
26.36,897189
26.88,897189
27.4,897189
27.92,897189
28.43,897189
28.94,897189
29.46,897189
29.98,897189
30.51,897189
31.04,897189
31.56,897189
32.07,897189
32.59,897189
33.11,897189
33.65,897189
34.16,897189
34.68,897189
35.2,897189
35.71,897189
36.23,897189
36.74,897189
37.27,897189
37.79,897189
38.37,897189
38.91,897189
39.45,897189
39.99,897189
40.53,897189
41.14,897189
41.77,897189
42.58,897189
43.41,897189
44.22,897189
44.79,897189
45.33,897189
45.87,897189
46.41,897189
46.95,897189
47.49,897189
48.02,897189
48.55,897189
49.07,897189
49.61,897189
50.13,897189
50.66,897189
51.19,897189
51.72,897189
52.25,897189
52.78,897189
53.32,897189
53.84,897189
