0.55,965567
1.08,950014
1.61,916497
2.15,916497
2.68,916497
3.21,916497
3.74,916497
4.27,916497
4.8,916497
5.34,916497
5.88,916497
6.41,916497
6.94,916497
7.47,916497
8.0,916497
8.53,916497
9.06,916497
9.59,916497
10.12,916497
10.65,916451
11.18,916451
11.71,916451
12.24,916451
12.77,916451
13.3,906014
13.83,905385
14.37,905385
14.9,905385
15.43,905385
15.96,905385
16.5,905385
17.04,905385
17.57,905385
18.1,905385
18.63,905385
19.17,905385
19.7,905385
20.23,905385
20.76,905385
21.29,905385
21.83,905385
22.36,905385
22.89,905385
23.42,905385
23.95,905385
24.48,905385
25.01,905385
25.54,905385
26.08,905385
26.61,905385
27.14,905385
27.67,905385
28.2,905385
28.73,905385
29.26,905385
29.8,905385
30.33,899133
30.86,899133
31.39,899133
31.92,899133
32.45,899133
32.98,899133
33.51,899133
34.04,899133
34.57,899133
35.1,899133
35.63,899133
36.16,899133
36.69,899133
37.23,899133
37.76,899133
38.29,899133
38.82,899133
39.35,899133
39.88,899133
40.41,899133
40.93,899133
41.47,899133
42.0,899133
42.53,899133
43.06,899133
43.59,899133
44.11,899133
44.64,899133
45.17,899133
45.7,899133
46.23,899133
46.77,899133
47.3,899133
47.82,899133
48.35,899133
48.88,899133
49.41,899133
49.94,899133
50.48,899133
51.01,899133
51.54,899133
52.07,899133
52.6,899133
53.13,899133
