0.56,939917
1.11,920643
1.66,920643
2.21,920643
2.76,896366
3.3,896366
3.85,896366
4.39,896366
4.94,896366
5.49,896366
6.03,896366
6.58,896366
7.13,896366
7.68,896366
8.22,896366
8.77,896366
9.32,896366
9.87,896366
10.42,896366
10.97,896366
11.52,896366
12.07,896366
12.62,896366
13.17,896366
13.71,896366
14.27,896366
14.82,896366
15.37,896366
15.92,896366
16.47,896366
17.02,896366
17.57,896366
18.13,896366
18.69,896366
19.33,896366
19.91,896366
20.46,896366
21.02,896366
21.62,896366
22.17,896366
22.74,896366
23.32,896366
23.91,896366
24.5,896366
25.09,896366
25.65,896366
26.22,896366
26.77,896366
27.33,896366
27.89,896366
28.48,896366
29.06,896366
29.65,896366
30.23,896366
30.81,896366
31.36,896366
31.9,896366
32.45,896366
32.99,896366
33.54,896366
34.08,896366
34.63,896366
35.18,896366
35.72,896366
36.27,896366
36.82,896366
37.36,896366
37.9,896366
38.45,896366
39.0,896366
39.54,896366
40.09,896366
40.63,896366
41.18,896366
41.73,896366
42.27,896366
42.82,896366
43.36,896366
43.91,896366
44.48,896366
45.04,896366
45.62,896366
46.22,896366
46.77,896366
47.36,896366
48.01,896366
48.63,896366
49.19,896366
49.85,896366
50.51,896366
51.08,896366
51.62,896366
52.17,896366
52.71,896366
53.27,896366
53.84,896366
54.42,896366
55.07,896366
55.72,896366
56.33,896366
