0.56,939341
1.14,939341
1.7,939341
2.25,939341
2.79,939341
3.33,932745
3.87,912915
4.41,912915
4.95,912915
5.49,912915
6.03,912915
6.57,912915
7.11,912915
7.64,912915
8.18,912915
8.72,912915
9.26,912915
9.79,912915
10.33,912915
10.88,912915
11.41,912915
11.95,912915
12.49,912915
13.03,912915
13.57,912915
14.11,912915
14.65,912915
15.18,912915
15.72,912915
16.26,912915
16.79,912915
17.33,912915
17.87,912915
18.41,912915
18.95,912915
19.49,912915
20.02,912915
20.56,912915
21.1,912915
21.63,912915
22.18,912915
22.72,912915
23.27,903142
23.82,897516
24.35,897516
24.89,897516
25.43,897516
25.97,897516
26.51,897516
27.05,897516
27.58,897516
28.12,897516
28.66,897516
29.2,897516
29.73,897516
30.27,897516
30.81,897516
31.35,897516
31.89,897516
32.43,897516
32.97,897516
33.52,897516
34.05,897516
34.59,897516
35.13,897516
35.66,897516
36.2,897516
36.74,897516
37.28,897516
37.82,897516
38.35,897516
38.89,897516
39.44,897516
39.98,897516
40.52,897516
41.05,897516
41.59,897516
42.13,897516
42.66,897516
43.2,897516
43.75,897516
44.29,897516
44.83,897516
45.38,897516
45.92,897516
46.46,897516
47.0,897516
47.53,897516
48.08,897516
48.61,897516
49.15,897516
49.69,897516
50.22,897516
50.76,897516
51.3,897516
51.84,897516
52.38,897516
52.94,897516
53.76,897516
54.5,897516
