0.55,902758
1.11,902758
1.67,902758
2.22,902758
2.75,902758
3.3,902758
3.84,902758
4.37,902758
4.9,902758
5.44,902758
5.97,902758
6.5,902758
7.04,902758
7.57,902758
8.14,902758
8.67,902758
9.21,902758
9.73,902758
10.27,902758
10.8,902758
11.33,902758
11.86,902758
12.4,902758
12.93,902758
13.46,902758
14.0,902758
14.53,902758
15.06,902758
15.59,902758
16.12,902758
16.65,902758
17.18,902758
17.72,902758
18.25,902758
18.79,902758
19.33,902758
19.87,902758
20.41,902758
20.94,902758
21.48,902758
22.01,902758
22.54,902758
23.08,902758
23.61,902758
24.15,902758
24.68,902758
25.22,902758
25.75,902758
26.29,902758
26.82,902758
27.35,902758
27.88,902758
28.41,902758
28.95,902758
29.48,902758
30.02,902758
30.56,902758
31.11,902758
31.65,902758
32.2,902758
32.74,902758
33.27,902758
33.8,902758
34.34,902758
34.87,899517
35.41,899517
35.95,899517
36.48,899517
37.01,899517
37.54,899517
38.08,899517
38.61,899517
39.14,899517
39.67,899517
40.21,899517
40.74,899517
41.28,899517
41.81,899517
42.35,899517
42.88,899517
43.41,899517
43.95,899517
44.49,899517
45.03,899517
45.58,899517
46.11,899517
46.64,899517
47.18,899517
47.71,899517
48.24,899517
48.78,899517
49.31,899517
49.84,899517
50.38,899517
50.92,899517
51.46,899517
51.99,899517
52.53,899517
53.06,899517
53.59,899517
