0.57,952037
1.13,952037
1.68,916451
2.22,916451
2.77,906517
3.35,906517
3.9,906517
4.45,906517
5.0,906517
5.55,906517
6.1,906517
6.73,906517
7.35,906517
7.9,906517
8.48,906517
9.06,906517
9.59,906517
10.13,906517
10.68,906517
11.22,906517
11.77,906517
12.33,906517
12.88,906517
13.42,906517
13.97,906517
14.53,906517
15.09,906517
15.64,906517
16.2,906517
16.75,906517
17.3,906517
17.84,906517
18.38,906517
18.93,906517
19.49,906517
20.07,906517
20.66,906517
21.47,899133
22.06,899133
22.61,899133
23.16,899133
23.92,899133
24.58,899133
25.16,899133
25.72,899133
26.28,899133
26.82,899133
27.36,899133
27.91,899133
28.5,899133
29.07,899133
29.63,899133
30.21,899133
30.76,899133
31.32,899133
32.01,899133
32.64,899133
33.2,899133
33.77,899133
34.35,899133
34.92,899133
35.48,899133
36.04,899133
36.59,899133
37.12,899133
37.66,899133
38.22,899133
38.79,899133
39.34,899133
39.91,899133
40.45,899133
40.99,899133
41.53,899133
42.09,899133
42.65,899133
43.21,899133
43.78,899133
44.33,899133
44.88,899133
45.45,899133
46.02,899133
46.64,899133
47.28,899133
47.88,899133
48.5,899133
49.07,899133
49.64,899133
50.18,898248
50.77,896404
51.49,896404
52.05,896404
52.6,896404
53.15,896404
53.72,896404
54.3,896404
54.87,896404
55.45,896404
56.07,896404
56.66,896404
57.21,896404
