0.55,976513
1.09,909837
1.63,909837
2.17,909837
2.71,909837
3.25,909837
3.79,909837
4.34,909837
4.88,909837
5.43,909837
5.97,909837
6.51,909837
7.06,909837
7.6,909837
8.14,909837
8.69,909837
9.23,909837
9.76,909837
10.31,909837
10.85,909837
11.4,909837
11.94,909837
12.48,909837
13.02,899683
13.56,899683
14.1,899683
14.65,899683
15.19,899683
15.73,899683
16.27,899683
16.83,899683
17.37,899683
17.91,899683
18.46,899683
19.0,899683
19.54,899683
20.08,899683
20.62,899683
21.16,899683
21.7,899683
22.25,899683
22.79,899683
23.33,899683
23.88,899683
24.42,899683
24.96,899683
25.51,899683
26.05,899683
26.59,899683
27.12,899683
27.66,899683
28.2,899683
28.75,899683
29.29,899683
29.83,899683
30.37,899683
30.91,899683
31.45,899683
31.99,899683
32.53,899683
33.07,899683
33.61,899683
34.15,899683
34.69,899683
35.23,899683
35.78,899683
36.32,899683
36.86,899683
37.4,899683
37.94,899683
38.48,899683
39.02,899683
39.56,899683
40.1,899683
40.65,899683
41.19,899683
41.73,899479
42.27,897189
42.82,897189
43.36,897189
43.9,897189
44.44,897189
44.98,897189
45.52,897189
46.06,897189
46.6,897189
47.14,897189
47.68,897189
48.22,897189
48.76,897189
49.3,897189
49.84,897189
50.38,897189
50.92,897189
51.46,897189
52.0,897189
52.55,897189
53.09,897189
53.62,897189
54.17,897189
