0.27,277952
0.54,277952
0.82,277952
1.1,277952
1.38,277952
1.65,277952
1.93,277952
2.2,277952
2.46,277952
2.73,277952
2.99,277952
3.26,277952
3.53,277952
3.8,277952
4.07,277952
4.33,277952
4.6,277952
4.87,277952
5.14,277952
5.41,277952
5.68,277952
5.95,277952
6.21,277952
6.48,277952
6.75,277952
7.01,277952
7.28,277952
7.55,277952
7.81,277952
8.08,277952
8.35,277952
8.62,277952
8.88,277952
9.15,277952
9.42,277952
9.7,277952
9.96,277952
10.23,277952
10.5,277952
10.77,277952
11.04,277952
11.31,277952
11.58,277952
11.84,277952
12.11,277952
12.38,277952
12.64,277952
12.91,277952
13.18,277952
13.44,277952
13.71,277952
13.97,277952
14.24,277952
14.51,277952
14.78,277952
15.05,277952
15.33,277952
15.6,277952
15.87,277952
16.13,277952
16.4,277952
16.67,277952
16.94,277952
17.21,277952
17.48,277952
17.75,277952
18.02,277952
18.28,277952
18.55,277952
18.83,277952
19.1,277952
19.37,277952
19.63,277952
19.9,277952
20.17,277952
20.43,277952
20.7,277952
20.97,277952
21.23,277952
21.5,277952
21.77,277952
22.04,277952
22.3,277952
22.57,277952
22.83,277952
23.1,277952
23.36,277952
23.63,277952
23.9,277952
24.17,277952
24.44,277952
24.71,277952
24.97,277952
25.24,277952
25.51,277952
25.78,277952
26.04,277952
26.31,277952
26.58,277952
26.85,277952
